<?xml version="1.0" encoding="UTF-8"?>
<!-- Generated by org.testng.reporters.JUnitReportReporter -->
<testsuite hostname="LAPTOP-6I2ERQM6" failures="0" tests="1" name="testClass.VerificationOfRadioLogy" time="6.437" errors="0" timestamp="2023-08-25T13:25:20 IST" skipped="0">
  <testcase classname="testClass.VerificationOfRadioLogy" name="ToVerifyRadioLogy" time="6.437"/>
  <system-out/>
</testsuite> <!-- testClass.VerificationOfRadioLogy -->
